D:\Visual Studio 2019\MSBuild\Microsoft\VC\v160\Microsoft.CppBuild.targets(513,5): warning MSB8028: O diretório intermediário (RiotGamesServers\) contém arquivos compartilhados de outro projeto (R3nzSkin.vcxproj). Isso pode levar a um comportamento incorreto de limpeza e recompilação.
  Config.cpp
  imgui.cpp
  imgui_demo.cpp
  imgui_draw.cpp
  imgui_extend.cpp
  imgui_impl_dx11.cpp
  imgui_impl_dx9.cpp
  imgui_impl_win32.cpp
  imgui_tables.cpp
  imgui_widgets.cpp
  Memory.cpp
  GameClasses.cpp
  Hooks.cpp
  League Skin Pro.cpp
  GUI.cpp
  SkinDatabase.cpp
  Gerando código
  Previous IPDB not found, fall back to full compilation.
  All 3495 functions were compiled because no usable IPDB/IOBJ from previous compilation was found.
  Finalizada a geração de código
  R3nzSkin.vcxproj -> C:\Users\Vini\Desktop\2323232\League Skin Br\Release\RiotGamesServers\League Skin Pro BR.dll
